<?xml version="1.0" encoding="UTF-8"?>
<testsuite xmlns:xsi="http://www.w3.org/2001/XMLSchema-instance" xsi:noNamespaceSchemaLocation="https://maven.apache.org/surefire/maven-surefire-plugin/xsd/surefire-test-report.xsd" name="com.hewie.blog.TestDate" time="0.004" tests="0" errors="0" skipped="0" failures="0">
  <properties>
    <property name="sun.desktop" value="windows"/>
    <property name="awt.toolkit" value="sun.awt.windows.WToolkit"/>
    <property name="file.encoding.pkg" value="sun.io"/>
    <property name="java.specification.version" value="1.8"/>
    <property name="sun.cpu.isalist" value="amd64"/>
    <property name="sun.jnu.encoding" value="GBK"/>
    <property name="java.class.path" value="E:\Code\HewieBlogSystem\target\test-classes;E:\Code\HewieBlogSystem\target\classes;C:\Users\34954\.m2\repository\org\springframework\boot\spring-boot-starter-web\2.0.3.RELEASE\spring-boot-starter-web-2.0.3.RELEASE.jar;C:\Users\34954\.m2\repository\org\springframework\boot\spring-boot-starter\2.0.3.RELEASE\spring-boot-starter-2.0.3.RELEASE.jar;C:\Users\34954\.m2\repository\org\springframework\boot\spring-boot\2.0.3.RELEASE\spring-boot-2.0.3.RELEASE.jar;C:\Users\34954\.m2\repository\org\springframework\boot\spring-boot-autoconfigure\2.0.3.RELEASE\spring-boot-autoconfigure-2.0.3.RELEASE.jar;C:\Users\34954\.m2\repository\org\springframework\boot\spring-boot-starter-logging\2.0.3.RELEASE\spring-boot-starter-logging-2.0.3.RELEASE.jar;C:\Users\34954\.m2\repository\ch\qos\logback\logback-classic\1.2.3\logback-classic-1.2.3.jar;C:\Users\34954\.m2\repository\ch\qos\logback\logback-core\1.2.3\logback-core-1.2.3.jar;C:\Users\34954\.m2\repository\org\apache\logging\log4j\log4j-to-slf4j\2.10.0\log4j-to-slf4j-2.10.0.jar;C:\Users\34954\.m2\repository\org\apache\logging\log4j\log4j-api\2.10.0\log4j-api-2.10.0.jar;C:\Users\34954\.m2\repository\org\slf4j\jul-to-slf4j\1.7.25\jul-to-slf4j-1.7.25.jar;C:\Users\34954\.m2\repository\javax\annotation\javax.annotation-api\1.3.2\javax.annotation-api-1.3.2.jar;C:\Users\34954\.m2\repository\org\springframework\spring-core\5.0.7.RELEASE\spring-core-5.0.7.RELEASE.jar;C:\Users\34954\.m2\repository\org\springframework\spring-jcl\5.0.7.RELEASE\spring-jcl-5.0.7.RELEASE.jar;C:\Users\34954\.m2\repository\org\yaml\snakeyaml\1.19\snakeyaml-1.19.jar;C:\Users\34954\.m2\repository\org\springframework\boot\spring-boot-starter-json\2.0.3.RELEASE\spring-boot-starter-json-2.0.3.RELEASE.jar;C:\Users\34954\.m2\repository\com\fasterxml\jackson\datatype\jackson-datatype-jdk8\2.9.6\jackson-datatype-jdk8-2.9.6.jar;C:\Users\34954\.m2\repository\com\fasterxml\jackson\datatype\jackson-datatype-jsr310\2.9.6\jackson-datatype-jsr310-2.9.6.jar;C:\Users\34954\.m2\repository\com\fasterxml\jackson\module\jackson-module-parameter-names\2.9.6\jackson-module-parameter-names-2.9.6.jar;C:\Users\34954\.m2\repository\org\springframework\boot\spring-boot-starter-tomcat\2.0.3.RELEASE\spring-boot-starter-tomcat-2.0.3.RELEASE.jar;C:\Users\34954\.m2\repository\org\apache\tomcat\embed\tomcat-embed-core\8.5.31\tomcat-embed-core-8.5.31.jar;C:\Users\34954\.m2\repository\org\apache\tomcat\embed\tomcat-embed-el\8.5.31\tomcat-embed-el-8.5.31.jar;C:\Users\34954\.m2\repository\org\apache\tomcat\embed\tomcat-embed-websocket\8.5.31\tomcat-embed-websocket-8.5.31.jar;C:\Users\34954\.m2\repository\org\hibernate\validator\hibernate-validator\6.0.10.Final\hibernate-validator-6.0.10.Final.jar;C:\Users\34954\.m2\repository\javax\validation\validation-api\2.0.1.Final\validation-api-2.0.1.Final.jar;C:\Users\34954\.m2\repository\org\jboss\logging\jboss-logging\3.3.2.Final\jboss-logging-3.3.2.Final.jar;C:\Users\34954\.m2\repository\org\springframework\spring-web\5.0.7.RELEASE\spring-web-5.0.7.RELEASE.jar;C:\Users\34954\.m2\repository\org\springframework\spring-beans\5.0.7.RELEASE\spring-beans-5.0.7.RELEASE.jar;C:\Users\34954\.m2\repository\org\springframework\spring-webmvc\5.0.7.RELEASE\spring-webmvc-5.0.7.RELEASE.jar;C:\Users\34954\.m2\repository\org\springframework\spring-context\5.0.7.RELEASE\spring-context-5.0.7.RELEASE.jar;C:\Users\34954\.m2\repository\org\springframework\spring-expression\5.0.7.RELEASE\spring-expression-5.0.7.RELEASE.jar;C:\Users\34954\.m2\repository\org\apache\commons\commons-pool2\2.5.0\commons-pool2-2.5.0.jar;C:\Users\34954\.m2\repository\org\springframework\boot\spring-boot-starter-data-jpa\2.0.3.RELEASE\spring-boot-starter-data-jpa-2.0.3.RELEASE.jar;C:\Users\34954\.m2\repository\org\springframework\boot\spring-boot-starter-aop\2.0.3.RELEASE\spring-boot-starter-aop-2.0.3.RELEASE.jar;C:\Users\34954\.m2\repository\org\aspectj\aspectjweaver\1.8.13\aspectjweaver-1.8.13.jar;C:\Users\34954\.m2\repository\org\springframework\boot\spring-boot-starter-jdbc\2.0.3.RELEASE\spring-boot-starter-jdbc-2.0.3.RELEASE.jar;C:\Users\34954\.m2\repository\com\zaxxer\HikariCP\2.7.9\HikariCP-2.7.9.jar;C:\Users\34954\.m2\repository\org\springframework\spring-jdbc\5.0.7.RELEASE\spring-jdbc-5.0.7.RELEASE.jar;C:\Users\34954\.m2\repository\org\hibernate\hibernate-core\5.2.17.Final\hibernate-core-5.2.17.Final.jar;C:\Users\34954\.m2\repository\org\hibernate\javax\persistence\hibernate-jpa-2.1-api\1.0.2.Final\hibernate-jpa-2.1-api-1.0.2.Final.jar;C:\Users\34954\.m2\repository\org\javassist\javassist\3.22.0-GA\javassist-3.22.0-GA.jar;C:\Users\34954\.m2\repository\antlr\antlr\2.7.7\antlr-2.7.7.jar;C:\Users\34954\.m2\repository\org\jboss\jandex\2.0.3.Final\jandex-2.0.3.Final.jar;C:\Users\34954\.m2\repository\dom4j\dom4j\1.6.1\dom4j-1.6.1.jar;C:\Users\34954\.m2\repository\org\hibernate\common\hibernate-commons-annotations\5.0.1.Final\hibernate-commons-annotations-5.0.1.Final.jar;C:\Users\34954\.m2\repository\javax\transaction\javax.transaction-api\1.2\javax.transaction-api-1.2.jar;C:\Users\34954\.m2\repository\org\springframework\data\spring-data-jpa\2.0.8.RELEASE\spring-data-jpa-2.0.8.RELEASE.jar;C:\Users\34954\.m2\repository\org\springframework\data\spring-data-commons\2.0.8.RELEASE\spring-data-commons-2.0.8.RELEASE.jar;C:\Users\34954\.m2\repository\org\springframework\spring-orm\5.0.7.RELEASE\spring-orm-5.0.7.RELEASE.jar;C:\Users\34954\.m2\repository\org\springframework\spring-tx\5.0.7.RELEASE\spring-tx-5.0.7.RELEASE.jar;C:\Users\34954\.m2\repository\org\springframework\spring-aspects\5.0.7.RELEASE\spring-aspects-5.0.7.RELEASE.jar;C:\Users\34954\.m2\repository\mysql\mysql-connector-java\5.1.46\mysql-connector-java-5.1.46.jar;C:\Users\34954\.m2\repository\org\projectlombok\lombok\1.18.12\lombok-1.18.12.jar;C:\Users\34954\.m2\repository\io\springfox\springfox-swagger2\2.9.2\springfox-swagger2-2.9.2.jar;C:\Users\34954\.m2\repository\io\swagger\swagger-annotations\1.5.20\swagger-annotations-1.5.20.jar;C:\Users\34954\.m2\repository\io\swagger\swagger-models\1.5.20\swagger-models-1.5.20.jar;C:\Users\34954\.m2\repository\com\fasterxml\jackson\core\jackson-annotations\2.9.0\jackson-annotations-2.9.0.jar;C:\Users\34954\.m2\repository\io\springfox\springfox-spi\2.9.2\springfox-spi-2.9.2.jar;C:\Users\34954\.m2\repository\io\springfox\springfox-core\2.9.2\springfox-core-2.9.2.jar;C:\Users\34954\.m2\repository\net\bytebuddy\byte-buddy\1.7.11\byte-buddy-1.7.11.jar;C:\Users\34954\.m2\repository\io\springfox\springfox-schema\2.9.2\springfox-schema-2.9.2.jar;C:\Users\34954\.m2\repository\io\springfox\springfox-swagger-common\2.9.2\springfox-swagger-common-2.9.2.jar;C:\Users\34954\.m2\repository\io\springfox\springfox-spring-web\2.9.2\springfox-spring-web-2.9.2.jar;C:\Users\34954\.m2\repository\com\google\guava\guava\20.0\guava-20.0.jar;C:\Users\34954\.m2\repository\com\fasterxml\classmate\1.3.4\classmate-1.3.4.jar;C:\Users\34954\.m2\repository\org\slf4j\slf4j-api\1.7.25\slf4j-api-1.7.25.jar;C:\Users\34954\.m2\repository\org\springframework\plugin\spring-plugin-core\1.2.0.RELEASE\spring-plugin-core-1.2.0.RELEASE.jar;C:\Users\34954\.m2\repository\org\springframework\plugin\spring-plugin-metadata\1.2.0.RELEASE\spring-plugin-metadata-1.2.0.RELEASE.jar;C:\Users\34954\.m2\repository\org\mapstruct\mapstruct\1.2.0.Final\mapstruct-1.2.0.Final.jar;C:\Users\34954\.m2\repository\io\springfox\springfox-swagger-ui\2.9.2\springfox-swagger-ui-2.9.2.jar;C:\Users\34954\.m2\repository\org\springframework\boot\spring-boot-starter-security\2.0.3.RELEASE\spring-boot-starter-security-2.0.3.RELEASE.jar;C:\Users\34954\.m2\repository\org\springframework\spring-aop\5.0.7.RELEASE\spring-aop-5.0.7.RELEASE.jar;C:\Users\34954\.m2\repository\org\springframework\security\spring-security-config\5.0.6.RELEASE\spring-security-config-5.0.6.RELEASE.jar;C:\Users\34954\.m2\repository\org\springframework\security\spring-security-core\5.0.6.RELEASE\spring-security-core-5.0.6.RELEASE.jar;C:\Users\34954\.m2\repository\org\springframework\security\spring-security-web\5.0.6.RELEASE\spring-security-web-5.0.6.RELEASE.jar;C:\Users\34954\.m2\repository\com\github\whvcse\easy-captcha\1.6.2\easy-captcha-1.6.2.jar;C:\Users\34954\.m2\repository\com\sun\mail\javax.mail\1.6.2\javax.mail-1.6.2.jar;C:\Users\34954\.m2\repository\javax\activation\activation\1.1\activation-1.1.jar;C:\Users\34954\.m2\repository\org\springframework\boot\spring-boot-starter-data-redis\2.0.3.RELEASE\spring-boot-starter-data-redis-2.0.3.RELEASE.jar;C:\Users\34954\.m2\repository\org\springframework\data\spring-data-redis\2.0.8.RELEASE\spring-data-redis-2.0.8.RELEASE.jar;C:\Users\34954\.m2\repository\org\springframework\data\spring-data-keyvalue\2.0.8.RELEASE\spring-data-keyvalue-2.0.8.RELEASE.jar;C:\Users\34954\.m2\repository\org\springframework\spring-oxm\5.0.7.RELEASE\spring-oxm-5.0.7.RELEASE.jar;C:\Users\34954\.m2\repository\org\springframework\spring-context-support\5.0.7.RELEASE\spring-context-support-5.0.7.RELEASE.jar;C:\Users\34954\.m2\repository\io\lettuce\lettuce-core\5.0.4.RELEASE\lettuce-core-5.0.4.RELEASE.jar;C:\Users\34954\.m2\repository\io\projectreactor\reactor-core\3.1.8.RELEASE\reactor-core-3.1.8.RELEASE.jar;C:\Users\34954\.m2\repository\org\reactivestreams\reactive-streams\1.0.2\reactive-streams-1.0.2.jar;C:\Users\34954\.m2\repository\io\netty\netty-common\4.1.25.Final\netty-common-4.1.25.Final.jar;C:\Users\34954\.m2\repository\io\netty\netty-transport\4.1.25.Final\netty-transport-4.1.25.Final.jar;C:\Users\34954\.m2\repository\io\netty\netty-buffer\4.1.25.Final\netty-buffer-4.1.25.Final.jar;C:\Users\34954\.m2\repository\io\netty\netty-resolver\4.1.25.Final\netty-resolver-4.1.25.Final.jar;C:\Users\34954\.m2\repository\io\netty\netty-handler\4.1.25.Final\netty-handler-4.1.25.Final.jar;C:\Users\34954\.m2\repository\io\netty\netty-codec\4.1.25.Final\netty-codec-4.1.25.Final.jar;C:\Users\34954\.m2\repository\io\jsonwebtoken\jjwt\0.6.0\jjwt-0.6.0.jar;C:\Users\34954\.m2\repository\com\fasterxml\jackson\core\jackson-databind\2.9.6\jackson-databind-2.9.6.jar;C:\Users\34954\.m2\repository\com\fasterxml\jackson\core\jackson-core\2.9.6\jackson-core-2.9.6.jar;C:\Users\34954\.m2\repository\com\google\code\gson\gson\2.8.5\gson-2.8.5.jar;C:\Users\34954\.m2\repository\org\springframework\boot\spring-boot-starter-data-solr\2.0.3.RELEASE\spring-boot-starter-data-solr-2.0.3.RELEASE.jar;C:\Users\34954\.m2\repository\org\apache\solr\solr-solrj\6.6.4\solr-solrj-6.6.4.jar;C:\Users\34954\.m2\repository\commons-io\commons-io\2.5\commons-io-2.5.jar;C:\Users\34954\.m2\repository\org\apache\commons\commons-math3\3.4.1\commons-math3-3.4.1.jar;C:\Users\34954\.m2\repository\org\apache\httpcomponents\httpclient\4.5.5\httpclient-4.5.5.jar;C:\Users\34954\.m2\repository\org\apache\httpcomponents\httpcore\4.4.9\httpcore-4.4.9.jar;C:\Users\34954\.m2\repository\org\apache\zookeeper\zookeeper\3.4.10\zookeeper-3.4.10.jar;C:\Users\34954\.m2\repository\org\codehaus\woodstox\stax2-api\3.1.4\stax2-api-3.1.4.jar;C:\Users\34954\.m2\repository\org\codehaus\woodstox\woodstox-core-asl\4.4.1\woodstox-core-asl-4.4.1.jar;C:\Users\34954\.m2\repository\org\noggit\noggit\0.6\noggit-0.6.jar;C:\Users\34954\.m2\repository\org\springframework\data\spring-data-solr\3.0.8.RELEASE\spring-data-solr-3.0.8.RELEASE.jar;C:\Users\34954\.m2\repository\org\apache\commons\commons-lang3\3.7\commons-lang3-3.7.jar;C:\Users\34954\.m2\repository\org\apache\httpcomponents\httpmime\4.5.5\httpmime-4.5.5.jar;C:\Users\34954\.m2\repository\com\vladsch\flexmark\flexmark-all\0.50.44\flexmark-all-0.50.44.jar;C:\Users\34954\.m2\repository\com\vladsch\flexmark\flexmark\0.50.44\flexmark-0.50.44.jar;C:\Users\34954\.m2\repository\com\vladsch\flexmark\flexmark-ext-abbreviation\0.50.44\flexmark-ext-abbreviation-0.50.44.jar;C:\Users\34954\.m2\repository\com\vladsch\flexmark\flexmark-ext-admonition\0.50.44\flexmark-ext-admonition-0.50.44.jar;C:\Users\34954\.m2\repository\com\vladsch\flexmark\flexmark-ext-anchorlink\0.50.44\flexmark-ext-anchorlink-0.50.44.jar;C:\Users\34954\.m2\repository\com\vladsch\flexmark\flexmark-ext-aside\0.50.44\flexmark-ext-aside-0.50.44.jar;C:\Users\34954\.m2\repository\com\vladsch\flexmark\flexmark-ext-attributes\0.50.44\flexmark-ext-attributes-0.50.44.jar;C:\Users\34954\.m2\repository\com\vladsch\flexmark\flexmark-ext-autolink\0.50.44\flexmark-ext-autolink-0.50.44.jar;C:\Users\34954\.m2\repository\org\nibor\autolink\autolink\0.6.0\autolink-0.6.0.jar;C:\Users\34954\.m2\repository\com\vladsch\flexmark\flexmark-ext-definition\0.50.44\flexmark-ext-definition-0.50.44.jar;C:\Users\34954\.m2\repository\com\vladsch\flexmark\flexmark-ext-emoji\0.50.44\flexmark-ext-emoji-0.50.44.jar;C:\Users\34954\.m2\repository\com\vladsch\flexmark\flexmark-ext-enumerated-reference\0.50.44\flexmark-ext-enumerated-reference-0.50.44.jar;C:\Users\34954\.m2\repository\com\vladsch\flexmark\flexmark-ext-escaped-character\0.50.44\flexmark-ext-escaped-character-0.50.44.jar;C:\Users\34954\.m2\repository\com\vladsch\flexmark\flexmark-ext-footnotes\0.50.44\flexmark-ext-footnotes-0.50.44.jar;C:\Users\34954\.m2\repository\com\vladsch\flexmark\flexmark-ext-gfm-issues\0.50.44\flexmark-ext-gfm-issues-0.50.44.jar;C:\Users\34954\.m2\repository\com\vladsch\flexmark\flexmark-ext-gfm-strikethrough\0.50.44\flexmark-ext-gfm-strikethrough-0.50.44.jar;C:\Users\34954\.m2\repository\com\vladsch\flexmark\flexmark-ext-gfm-tables\0.50.44\flexmark-ext-gfm-tables-0.50.44.jar;C:\Users\34954\.m2\repository\com\vladsch\flexmark\flexmark-ext-gfm-tasklist\0.50.44\flexmark-ext-gfm-tasklist-0.50.44.jar;C:\Users\34954\.m2\repository\com\vladsch\flexmark\flexmark-ext-gfm-users\0.50.44\flexmark-ext-gfm-users-0.50.44.jar;C:\Users\34954\.m2\repository\com\vladsch\flexmark\flexmark-ext-gitlab\0.50.44\flexmark-ext-gitlab-0.50.44.jar;C:\Users\34954\.m2\repository\com\vladsch\flexmark\flexmark-ext-jekyll-front-matter\0.50.44\flexmark-ext-jekyll-front-matter-0.50.44.jar;C:\Users\34954\.m2\repository\com\vladsch\flexmark\flexmark-ext-jekyll-tag\0.50.44\flexmark-ext-jekyll-tag-0.50.44.jar;C:\Users\34954\.m2\repository\com\vladsch\flexmark\flexmark-ext-media-tags\0.50.44\flexmark-ext-media-tags-0.50.44.jar;C:\Users\34954\.m2\repository\com\vladsch\flexmark\flexmark-ext-macros\0.50.44\flexmark-ext-macros-0.50.44.jar;C:\Users\34954\.m2\repository\com\vladsch\flexmark\flexmark-ext-ins\0.50.44\flexmark-ext-ins-0.50.44.jar;C:\Users\34954\.m2\repository\com\vladsch\flexmark\flexmark-ext-xwiki-macros\0.50.44\flexmark-ext-xwiki-macros-0.50.44.jar;C:\Users\34954\.m2\repository\com\vladsch\flexmark\flexmark-ext-superscript\0.50.44\flexmark-ext-superscript-0.50.44.jar;C:\Users\34954\.m2\repository\com\vladsch\flexmark\flexmark-ext-tables\0.50.44\flexmark-ext-tables-0.50.44.jar;C:\Users\34954\.m2\repository\com\vladsch\flexmark\flexmark-ext-toc\0.50.44\flexmark-ext-toc-0.50.44.jar;C:\Users\34954\.m2\repository\com\vladsch\flexmark\flexmark-ext-typographic\0.50.44\flexmark-ext-typographic-0.50.44.jar;C:\Users\34954\.m2\repository\com\vladsch\flexmark\flexmark-ext-wikilink\0.50.44\flexmark-ext-wikilink-0.50.44.jar;C:\Users\34954\.m2\repository\com\vladsch\flexmark\flexmark-ext-yaml-front-matter\0.50.44\flexmark-ext-yaml-front-matter-0.50.44.jar;C:\Users\34954\.m2\repository\com\vladsch\flexmark\flexmark-ext-youtube-embedded\0.50.44\flexmark-ext-youtube-embedded-0.50.44.jar;C:\Users\34954\.m2\repository\com\vladsch\flexmark\flexmark-formatter\0.50.44\flexmark-formatter-0.50.44.jar;C:\Users\34954\.m2\repository\com\vladsch\flexmark\flexmark-html-parser\0.50.44\flexmark-html-parser-0.50.44.jar;C:\Users\34954\.m2\repository\com\vladsch\flexmark\flexmark-html2md-converter\0.50.44\flexmark-html2md-converter-0.50.44.jar;C:\Users\34954\.m2\repository\com\vladsch\flexmark\flexmark-jira-converter\0.50.44\flexmark-jira-converter-0.50.44.jar;C:\Users\34954\.m2\repository\com\vladsch\flexmark\flexmark-pdf-converter\0.50.44\flexmark-pdf-converter-0.50.44.jar;C:\Users\34954\.m2\repository\com\openhtmltopdf\openhtmltopdf-core\1.0.0\openhtmltopdf-core-1.0.0.jar;C:\Users\34954\.m2\repository\com\openhtmltopdf\openhtmltopdf-pdfbox\1.0.0\openhtmltopdf-pdfbox-1.0.0.jar;C:\Users\34954\.m2\repository\org\apache\pdfbox\pdfbox\2.0.16\pdfbox-2.0.16.jar;C:\Users\34954\.m2\repository\org\apache\pdfbox\fontbox\2.0.16\fontbox-2.0.16.jar;C:\Users\34954\.m2\repository\commons-logging\commons-logging\1.2\commons-logging-1.2.jar;C:\Users\34954\.m2\repository\org\apache\pdfbox\xmpbox\2.0.16\xmpbox-2.0.16.jar;C:\Users\34954\.m2\repository\de\rototor\pdfbox\graphics2d\0.24\graphics2d-0.24.jar;C:\Users\34954\.m2\repository\com\openhtmltopdf\openhtmltopdf-rtl-support\1.0.0\openhtmltopdf-rtl-support-1.0.0.jar;C:\Users\34954\.m2\repository\com\ibm\icu\icu4j\59.1\icu4j-59.1.jar;C:\Users\34954\.m2\repository\com\openhtmltopdf\openhtmltopdf-jsoup-dom-converter\1.0.0\openhtmltopdf-jsoup-dom-converter-1.0.0.jar;C:\Users\34954\.m2\repository\com\vladsch\flexmark\flexmark-profile-pegdown\0.50.44\flexmark-profile-pegdown-0.50.44.jar;C:\Users\34954\.m2\repository\com\vladsch\flexmark\flexmark-util\0.50.44\flexmark-util-0.50.44.jar;C:\Users\34954\.m2\repository\com\vladsch\flexmark\flexmark-youtrack-converter\0.50.44\flexmark-youtrack-converter-0.50.44.jar;C:\Users\34954\.m2\repository\org\jsoup\jsoup\1.12.1\jsoup-1.12.1.jar;C:\Users\34954\.m2\repository\com\google\zxing\javase\3.3.0\javase-3.3.0.jar;C:\Users\34954\.m2\repository\com\google\zxing\core\3.3.0\core-3.3.0.jar;C:\Users\34954\.m2\repository\com\beust\jcommander\1.48\jcommander-1.48.jar;C:\Users\34954\.m2\repository\com\github\jai-imageio\jai-imageio-core\1.3.1\jai-imageio-core-1.3.1.jar;"/>
    <property name="java.vm.vendor" value="Oracle Corporation"/>
    <property name="sun.arch.data.model" value="64"/>
    <property name="user.variant" value=""/>
    <property name="java.vendor.url" value="http://java.oracle.com/"/>
    <property name="user.timezone" value="Asia/Shanghai"/>
    <property name="java.vm.specification.version" value="1.8"/>
    <property name="os.name" value="Windows 8.1"/>
    <property name="user.country" value="CN"/>
    <property name="sun.java.launcher" value="SUN_STANDARD"/>
    <property name="sun.boot.library.path" value="D:\Software\Java\jre\bin"/>
    <property name="sun.java.command" value="C:\Users\34954\AppData\Local\Temp\surefire5176799276404261638\surefirebooter1969685996016607616.jar C:\Users\34954\AppData\Local\Temp\surefire5176799276404261638 2021-09-13T12-36-19_159-jvmRun1 surefire4838348434201151985tmp surefire_06991164511095864295tmp"/>
    <property name="surefire.test.class.path" value="E:\Code\HewieBlogSystem\target\test-classes;E:\Code\HewieBlogSystem\target\classes;C:\Users\34954\.m2\repository\org\springframework\boot\spring-boot-starter-web\2.0.3.RELEASE\spring-boot-starter-web-2.0.3.RELEASE.jar;C:\Users\34954\.m2\repository\org\springframework\boot\spring-boot-starter\2.0.3.RELEASE\spring-boot-starter-2.0.3.RELEASE.jar;C:\Users\34954\.m2\repository\org\springframework\boot\spring-boot\2.0.3.RELEASE\spring-boot-2.0.3.RELEASE.jar;C:\Users\34954\.m2\repository\org\springframework\boot\spring-boot-autoconfigure\2.0.3.RELEASE\spring-boot-autoconfigure-2.0.3.RELEASE.jar;C:\Users\34954\.m2\repository\org\springframework\boot\spring-boot-starter-logging\2.0.3.RELEASE\spring-boot-starter-logging-2.0.3.RELEASE.jar;C:\Users\34954\.m2\repository\ch\qos\logback\logback-classic\1.2.3\logback-classic-1.2.3.jar;C:\Users\34954\.m2\repository\ch\qos\logback\logback-core\1.2.3\logback-core-1.2.3.jar;C:\Users\34954\.m2\repository\org\apache\logging\log4j\log4j-to-slf4j\2.10.0\log4j-to-slf4j-2.10.0.jar;C:\Users\34954\.m2\repository\org\apache\logging\log4j\log4j-api\2.10.0\log4j-api-2.10.0.jar;C:\Users\34954\.m2\repository\org\slf4j\jul-to-slf4j\1.7.25\jul-to-slf4j-1.7.25.jar;C:\Users\34954\.m2\repository\javax\annotation\javax.annotation-api\1.3.2\javax.annotation-api-1.3.2.jar;C:\Users\34954\.m2\repository\org\springframework\spring-core\5.0.7.RELEASE\spring-core-5.0.7.RELEASE.jar;C:\Users\34954\.m2\repository\org\springframework\spring-jcl\5.0.7.RELEASE\spring-jcl-5.0.7.RELEASE.jar;C:\Users\34954\.m2\repository\org\yaml\snakeyaml\1.19\snakeyaml-1.19.jar;C:\Users\34954\.m2\repository\org\springframework\boot\spring-boot-starter-json\2.0.3.RELEASE\spring-boot-starter-json-2.0.3.RELEASE.jar;C:\Users\34954\.m2\repository\com\fasterxml\jackson\datatype\jackson-datatype-jdk8\2.9.6\jackson-datatype-jdk8-2.9.6.jar;C:\Users\34954\.m2\repository\com\fasterxml\jackson\datatype\jackson-datatype-jsr310\2.9.6\jackson-datatype-jsr310-2.9.6.jar;C:\Users\34954\.m2\repository\com\fasterxml\jackson\module\jackson-module-parameter-names\2.9.6\jackson-module-parameter-names-2.9.6.jar;C:\Users\34954\.m2\repository\org\springframework\boot\spring-boot-starter-tomcat\2.0.3.RELEASE\spring-boot-starter-tomcat-2.0.3.RELEASE.jar;C:\Users\34954\.m2\repository\org\apache\tomcat\embed\tomcat-embed-core\8.5.31\tomcat-embed-core-8.5.31.jar;C:\Users\34954\.m2\repository\org\apache\tomcat\embed\tomcat-embed-el\8.5.31\tomcat-embed-el-8.5.31.jar;C:\Users\34954\.m2\repository\org\apache\tomcat\embed\tomcat-embed-websocket\8.5.31\tomcat-embed-websocket-8.5.31.jar;C:\Users\34954\.m2\repository\org\hibernate\validator\hibernate-validator\6.0.10.Final\hibernate-validator-6.0.10.Final.jar;C:\Users\34954\.m2\repository\javax\validation\validation-api\2.0.1.Final\validation-api-2.0.1.Final.jar;C:\Users\34954\.m2\repository\org\jboss\logging\jboss-logging\3.3.2.Final\jboss-logging-3.3.2.Final.jar;C:\Users\34954\.m2\repository\org\springframework\spring-web\5.0.7.RELEASE\spring-web-5.0.7.RELEASE.jar;C:\Users\34954\.m2\repository\org\springframework\spring-beans\5.0.7.RELEASE\spring-beans-5.0.7.RELEASE.jar;C:\Users\34954\.m2\repository\org\springframework\spring-webmvc\5.0.7.RELEASE\spring-webmvc-5.0.7.RELEASE.jar;C:\Users\34954\.m2\repository\org\springframework\spring-context\5.0.7.RELEASE\spring-context-5.0.7.RELEASE.jar;C:\Users\34954\.m2\repository\org\springframework\spring-expression\5.0.7.RELEASE\spring-expression-5.0.7.RELEASE.jar;C:\Users\34954\.m2\repository\org\apache\commons\commons-pool2\2.5.0\commons-pool2-2.5.0.jar;C:\Users\34954\.m2\repository\org\springframework\boot\spring-boot-starter-data-jpa\2.0.3.RELEASE\spring-boot-starter-data-jpa-2.0.3.RELEASE.jar;C:\Users\34954\.m2\repository\org\springframework\boot\spring-boot-starter-aop\2.0.3.RELEASE\spring-boot-starter-aop-2.0.3.RELEASE.jar;C:\Users\34954\.m2\repository\org\aspectj\aspectjweaver\1.8.13\aspectjweaver-1.8.13.jar;C:\Users\34954\.m2\repository\org\springframework\boot\spring-boot-starter-jdbc\2.0.3.RELEASE\spring-boot-starter-jdbc-2.0.3.RELEASE.jar;C:\Users\34954\.m2\repository\com\zaxxer\HikariCP\2.7.9\HikariCP-2.7.9.jar;C:\Users\34954\.m2\repository\org\springframework\spring-jdbc\5.0.7.RELEASE\spring-jdbc-5.0.7.RELEASE.jar;C:\Users\34954\.m2\repository\org\hibernate\hibernate-core\5.2.17.Final\hibernate-core-5.2.17.Final.jar;C:\Users\34954\.m2\repository\org\hibernate\javax\persistence\hibernate-jpa-2.1-api\1.0.2.Final\hibernate-jpa-2.1-api-1.0.2.Final.jar;C:\Users\34954\.m2\repository\org\javassist\javassist\3.22.0-GA\javassist-3.22.0-GA.jar;C:\Users\34954\.m2\repository\antlr\antlr\2.7.7\antlr-2.7.7.jar;C:\Users\34954\.m2\repository\org\jboss\jandex\2.0.3.Final\jandex-2.0.3.Final.jar;C:\Users\34954\.m2\repository\dom4j\dom4j\1.6.1\dom4j-1.6.1.jar;C:\Users\34954\.m2\repository\org\hibernate\common\hibernate-commons-annotations\5.0.1.Final\hibernate-commons-annotations-5.0.1.Final.jar;C:\Users\34954\.m2\repository\javax\transaction\javax.transaction-api\1.2\javax.transaction-api-1.2.jar;C:\Users\34954\.m2\repository\org\springframework\data\spring-data-jpa\2.0.8.RELEASE\spring-data-jpa-2.0.8.RELEASE.jar;C:\Users\34954\.m2\repository\org\springframework\data\spring-data-commons\2.0.8.RELEASE\spring-data-commons-2.0.8.RELEASE.jar;C:\Users\34954\.m2\repository\org\springframework\spring-orm\5.0.7.RELEASE\spring-orm-5.0.7.RELEASE.jar;C:\Users\34954\.m2\repository\org\springframework\spring-tx\5.0.7.RELEASE\spring-tx-5.0.7.RELEASE.jar;C:\Users\34954\.m2\repository\org\springframework\spring-aspects\5.0.7.RELEASE\spring-aspects-5.0.7.RELEASE.jar;C:\Users\34954\.m2\repository\mysql\mysql-connector-java\5.1.46\mysql-connector-java-5.1.46.jar;C:\Users\34954\.m2\repository\org\projectlombok\lombok\1.18.12\lombok-1.18.12.jar;C:\Users\34954\.m2\repository\io\springfox\springfox-swagger2\2.9.2\springfox-swagger2-2.9.2.jar;C:\Users\34954\.m2\repository\io\swagger\swagger-annotations\1.5.20\swagger-annotations-1.5.20.jar;C:\Users\34954\.m2\repository\io\swagger\swagger-models\1.5.20\swagger-models-1.5.20.jar;C:\Users\34954\.m2\repository\com\fasterxml\jackson\core\jackson-annotations\2.9.0\jackson-annotations-2.9.0.jar;C:\Users\34954\.m2\repository\io\springfox\springfox-spi\2.9.2\springfox-spi-2.9.2.jar;C:\Users\34954\.m2\repository\io\springfox\springfox-core\2.9.2\springfox-core-2.9.2.jar;C:\Users\34954\.m2\repository\net\bytebuddy\byte-buddy\1.7.11\byte-buddy-1.7.11.jar;C:\Users\34954\.m2\repository\io\springfox\springfox-schema\2.9.2\springfox-schema-2.9.2.jar;C:\Users\34954\.m2\repository\io\springfox\springfox-swagger-common\2.9.2\springfox-swagger-common-2.9.2.jar;C:\Users\34954\.m2\repository\io\springfox\springfox-spring-web\2.9.2\springfox-spring-web-2.9.2.jar;C:\Users\34954\.m2\repository\com\google\guava\guava\20.0\guava-20.0.jar;C:\Users\34954\.m2\repository\com\fasterxml\classmate\1.3.4\classmate-1.3.4.jar;C:\Users\34954\.m2\repository\org\slf4j\slf4j-api\1.7.25\slf4j-api-1.7.25.jar;C:\Users\34954\.m2\repository\org\springframework\plugin\spring-plugin-core\1.2.0.RELEASE\spring-plugin-core-1.2.0.RELEASE.jar;C:\Users\34954\.m2\repository\org\springframework\plugin\spring-plugin-metadata\1.2.0.RELEASE\spring-plugin-metadata-1.2.0.RELEASE.jar;C:\Users\34954\.m2\repository\org\mapstruct\mapstruct\1.2.0.Final\mapstruct-1.2.0.Final.jar;C:\Users\34954\.m2\repository\io\springfox\springfox-swagger-ui\2.9.2\springfox-swagger-ui-2.9.2.jar;C:\Users\34954\.m2\repository\org\springframework\boot\spring-boot-starter-security\2.0.3.RELEASE\spring-boot-starter-security-2.0.3.RELEASE.jar;C:\Users\34954\.m2\repository\org\springframework\spring-aop\5.0.7.RELEASE\spring-aop-5.0.7.RELEASE.jar;C:\Users\34954\.m2\repository\org\springframework\security\spring-security-config\5.0.6.RELEASE\spring-security-config-5.0.6.RELEASE.jar;C:\Users\34954\.m2\repository\org\springframework\security\spring-security-core\5.0.6.RELEASE\spring-security-core-5.0.6.RELEASE.jar;C:\Users\34954\.m2\repository\org\springframework\security\spring-security-web\5.0.6.RELEASE\spring-security-web-5.0.6.RELEASE.jar;C:\Users\34954\.m2\repository\com\github\whvcse\easy-captcha\1.6.2\easy-captcha-1.6.2.jar;C:\Users\34954\.m2\repository\com\sun\mail\javax.mail\1.6.2\javax.mail-1.6.2.jar;C:\Users\34954\.m2\repository\javax\activation\activation\1.1\activation-1.1.jar;C:\Users\34954\.m2\repository\org\springframework\boot\spring-boot-starter-data-redis\2.0.3.RELEASE\spring-boot-starter-data-redis-2.0.3.RELEASE.jar;C:\Users\34954\.m2\repository\org\springframework\data\spring-data-redis\2.0.8.RELEASE\spring-data-redis-2.0.8.RELEASE.jar;C:\Users\34954\.m2\repository\org\springframework\data\spring-data-keyvalue\2.0.8.RELEASE\spring-data-keyvalue-2.0.8.RELEASE.jar;C:\Users\34954\.m2\repository\org\springframework\spring-oxm\5.0.7.RELEASE\spring-oxm-5.0.7.RELEASE.jar;C:\Users\34954\.m2\repository\org\springframework\spring-context-support\5.0.7.RELEASE\spring-context-support-5.0.7.RELEASE.jar;C:\Users\34954\.m2\repository\io\lettuce\lettuce-core\5.0.4.RELEASE\lettuce-core-5.0.4.RELEASE.jar;C:\Users\34954\.m2\repository\io\projectreactor\reactor-core\3.1.8.RELEASE\reactor-core-3.1.8.RELEASE.jar;C:\Users\34954\.m2\repository\org\reactivestreams\reactive-streams\1.0.2\reactive-streams-1.0.2.jar;C:\Users\34954\.m2\repository\io\netty\netty-common\4.1.25.Final\netty-common-4.1.25.Final.jar;C:\Users\34954\.m2\repository\io\netty\netty-transport\4.1.25.Final\netty-transport-4.1.25.Final.jar;C:\Users\34954\.m2\repository\io\netty\netty-buffer\4.1.25.Final\netty-buffer-4.1.25.Final.jar;C:\Users\34954\.m2\repository\io\netty\netty-resolver\4.1.25.Final\netty-resolver-4.1.25.Final.jar;C:\Users\34954\.m2\repository\io\netty\netty-handler\4.1.25.Final\netty-handler-4.1.25.Final.jar;C:\Users\34954\.m2\repository\io\netty\netty-codec\4.1.25.Final\netty-codec-4.1.25.Final.jar;C:\Users\34954\.m2\repository\io\jsonwebtoken\jjwt\0.6.0\jjwt-0.6.0.jar;C:\Users\34954\.m2\repository\com\fasterxml\jackson\core\jackson-databind\2.9.6\jackson-databind-2.9.6.jar;C:\Users\34954\.m2\repository\com\fasterxml\jackson\core\jackson-core\2.9.6\jackson-core-2.9.6.jar;C:\Users\34954\.m2\repository\com\google\code\gson\gson\2.8.5\gson-2.8.5.jar;C:\Users\34954\.m2\repository\org\springframework\boot\spring-boot-starter-data-solr\2.0.3.RELEASE\spring-boot-starter-data-solr-2.0.3.RELEASE.jar;C:\Users\34954\.m2\repository\org\apache\solr\solr-solrj\6.6.4\solr-solrj-6.6.4.jar;C:\Users\34954\.m2\repository\commons-io\commons-io\2.5\commons-io-2.5.jar;C:\Users\34954\.m2\repository\org\apache\commons\commons-math3\3.4.1\commons-math3-3.4.1.jar;C:\Users\34954\.m2\repository\org\apache\httpcomponents\httpclient\4.5.5\httpclient-4.5.5.jar;C:\Users\34954\.m2\repository\org\apache\httpcomponents\httpcore\4.4.9\httpcore-4.4.9.jar;C:\Users\34954\.m2\repository\org\apache\zookeeper\zookeeper\3.4.10\zookeeper-3.4.10.jar;C:\Users\34954\.m2\repository\org\codehaus\woodstox\stax2-api\3.1.4\stax2-api-3.1.4.jar;C:\Users\34954\.m2\repository\org\codehaus\woodstox\woodstox-core-asl\4.4.1\woodstox-core-asl-4.4.1.jar;C:\Users\34954\.m2\repository\org\noggit\noggit\0.6\noggit-0.6.jar;C:\Users\34954\.m2\repository\org\springframework\data\spring-data-solr\3.0.8.RELEASE\spring-data-solr-3.0.8.RELEASE.jar;C:\Users\34954\.m2\repository\org\apache\commons\commons-lang3\3.7\commons-lang3-3.7.jar;C:\Users\34954\.m2\repository\org\apache\httpcomponents\httpmime\4.5.5\httpmime-4.5.5.jar;C:\Users\34954\.m2\repository\com\vladsch\flexmark\flexmark-all\0.50.44\flexmark-all-0.50.44.jar;C:\Users\34954\.m2\repository\com\vladsch\flexmark\flexmark\0.50.44\flexmark-0.50.44.jar;C:\Users\34954\.m2\repository\com\vladsch\flexmark\flexmark-ext-abbreviation\0.50.44\flexmark-ext-abbreviation-0.50.44.jar;C:\Users\34954\.m2\repository\com\vladsch\flexmark\flexmark-ext-admonition\0.50.44\flexmark-ext-admonition-0.50.44.jar;C:\Users\34954\.m2\repository\com\vladsch\flexmark\flexmark-ext-anchorlink\0.50.44\flexmark-ext-anchorlink-0.50.44.jar;C:\Users\34954\.m2\repository\com\vladsch\flexmark\flexmark-ext-aside\0.50.44\flexmark-ext-aside-0.50.44.jar;C:\Users\34954\.m2\repository\com\vladsch\flexmark\flexmark-ext-attributes\0.50.44\flexmark-ext-attributes-0.50.44.jar;C:\Users\34954\.m2\repository\com\vladsch\flexmark\flexmark-ext-autolink\0.50.44\flexmark-ext-autolink-0.50.44.jar;C:\Users\34954\.m2\repository\org\nibor\autolink\autolink\0.6.0\autolink-0.6.0.jar;C:\Users\34954\.m2\repository\com\vladsch\flexmark\flexmark-ext-definition\0.50.44\flexmark-ext-definition-0.50.44.jar;C:\Users\34954\.m2\repository\com\vladsch\flexmark\flexmark-ext-emoji\0.50.44\flexmark-ext-emoji-0.50.44.jar;C:\Users\34954\.m2\repository\com\vladsch\flexmark\flexmark-ext-enumerated-reference\0.50.44\flexmark-ext-enumerated-reference-0.50.44.jar;C:\Users\34954\.m2\repository\com\vladsch\flexmark\flexmark-ext-escaped-character\0.50.44\flexmark-ext-escaped-character-0.50.44.jar;C:\Users\34954\.m2\repository\com\vladsch\flexmark\flexmark-ext-footnotes\0.50.44\flexmark-ext-footnotes-0.50.44.jar;C:\Users\34954\.m2\repository\com\vladsch\flexmark\flexmark-ext-gfm-issues\0.50.44\flexmark-ext-gfm-issues-0.50.44.jar;C:\Users\34954\.m2\repository\com\vladsch\flexmark\flexmark-ext-gfm-strikethrough\0.50.44\flexmark-ext-gfm-strikethrough-0.50.44.jar;C:\Users\34954\.m2\repository\com\vladsch\flexmark\flexmark-ext-gfm-tables\0.50.44\flexmark-ext-gfm-tables-0.50.44.jar;C:\Users\34954\.m2\repository\com\vladsch\flexmark\flexmark-ext-gfm-tasklist\0.50.44\flexmark-ext-gfm-tasklist-0.50.44.jar;C:\Users\34954\.m2\repository\com\vladsch\flexmark\flexmark-ext-gfm-users\0.50.44\flexmark-ext-gfm-users-0.50.44.jar;C:\Users\34954\.m2\repository\com\vladsch\flexmark\flexmark-ext-gitlab\0.50.44\flexmark-ext-gitlab-0.50.44.jar;C:\Users\34954\.m2\repository\com\vladsch\flexmark\flexmark-ext-jekyll-front-matter\0.50.44\flexmark-ext-jekyll-front-matter-0.50.44.jar;C:\Users\34954\.m2\repository\com\vladsch\flexmark\flexmark-ext-jekyll-tag\0.50.44\flexmark-ext-jekyll-tag-0.50.44.jar;C:\Users\34954\.m2\repository\com\vladsch\flexmark\flexmark-ext-media-tags\0.50.44\flexmark-ext-media-tags-0.50.44.jar;C:\Users\34954\.m2\repository\com\vladsch\flexmark\flexmark-ext-macros\0.50.44\flexmark-ext-macros-0.50.44.jar;C:\Users\34954\.m2\repository\com\vladsch\flexmark\flexmark-ext-ins\0.50.44\flexmark-ext-ins-0.50.44.jar;C:\Users\34954\.m2\repository\com\vladsch\flexmark\flexmark-ext-xwiki-macros\0.50.44\flexmark-ext-xwiki-macros-0.50.44.jar;C:\Users\34954\.m2\repository\com\vladsch\flexmark\flexmark-ext-superscript\0.50.44\flexmark-ext-superscript-0.50.44.jar;C:\Users\34954\.m2\repository\com\vladsch\flexmark\flexmark-ext-tables\0.50.44\flexmark-ext-tables-0.50.44.jar;C:\Users\34954\.m2\repository\com\vladsch\flexmark\flexmark-ext-toc\0.50.44\flexmark-ext-toc-0.50.44.jar;C:\Users\34954\.m2\repository\com\vladsch\flexmark\flexmark-ext-typographic\0.50.44\flexmark-ext-typographic-0.50.44.jar;C:\Users\34954\.m2\repository\com\vladsch\flexmark\flexmark-ext-wikilink\0.50.44\flexmark-ext-wikilink-0.50.44.jar;C:\Users\34954\.m2\repository\com\vladsch\flexmark\flexmark-ext-yaml-front-matter\0.50.44\flexmark-ext-yaml-front-matter-0.50.44.jar;C:\Users\34954\.m2\repository\com\vladsch\flexmark\flexmark-ext-youtube-embedded\0.50.44\flexmark-ext-youtube-embedded-0.50.44.jar;C:\Users\34954\.m2\repository\com\vladsch\flexmark\flexmark-formatter\0.50.44\flexmark-formatter-0.50.44.jar;C:\Users\34954\.m2\repository\com\vladsch\flexmark\flexmark-html-parser\0.50.44\flexmark-html-parser-0.50.44.jar;C:\Users\34954\.m2\repository\com\vladsch\flexmark\flexmark-html2md-converter\0.50.44\flexmark-html2md-converter-0.50.44.jar;C:\Users\34954\.m2\repository\com\vladsch\flexmark\flexmark-jira-converter\0.50.44\flexmark-jira-converter-0.50.44.jar;C:\Users\34954\.m2\repository\com\vladsch\flexmark\flexmark-pdf-converter\0.50.44\flexmark-pdf-converter-0.50.44.jar;C:\Users\34954\.m2\repository\com\openhtmltopdf\openhtmltopdf-core\1.0.0\openhtmltopdf-core-1.0.0.jar;C:\Users\34954\.m2\repository\com\openhtmltopdf\openhtmltopdf-pdfbox\1.0.0\openhtmltopdf-pdfbox-1.0.0.jar;C:\Users\34954\.m2\repository\org\apache\pdfbox\pdfbox\2.0.16\pdfbox-2.0.16.jar;C:\Users\34954\.m2\repository\org\apache\pdfbox\fontbox\2.0.16\fontbox-2.0.16.jar;C:\Users\34954\.m2\repository\commons-logging\commons-logging\1.2\commons-logging-1.2.jar;C:\Users\34954\.m2\repository\org\apache\pdfbox\xmpbox\2.0.16\xmpbox-2.0.16.jar;C:\Users\34954\.m2\repository\de\rototor\pdfbox\graphics2d\0.24\graphics2d-0.24.jar;C:\Users\34954\.m2\repository\com\openhtmltopdf\openhtmltopdf-rtl-support\1.0.0\openhtmltopdf-rtl-support-1.0.0.jar;C:\Users\34954\.m2\repository\com\ibm\icu\icu4j\59.1\icu4j-59.1.jar;C:\Users\34954\.m2\repository\com\openhtmltopdf\openhtmltopdf-jsoup-dom-converter\1.0.0\openhtmltopdf-jsoup-dom-converter-1.0.0.jar;C:\Users\34954\.m2\repository\com\vladsch\flexmark\flexmark-profile-pegdown\0.50.44\flexmark-profile-pegdown-0.50.44.jar;C:\Users\34954\.m2\repository\com\vladsch\flexmark\flexmark-util\0.50.44\flexmark-util-0.50.44.jar;C:\Users\34954\.m2\repository\com\vladsch\flexmark\flexmark-youtrack-converter\0.50.44\flexmark-youtrack-converter-0.50.44.jar;C:\Users\34954\.m2\repository\org\jsoup\jsoup\1.12.1\jsoup-1.12.1.jar;C:\Users\34954\.m2\repository\com\google\zxing\javase\3.3.0\javase-3.3.0.jar;C:\Users\34954\.m2\repository\com\google\zxing\core\3.3.0\core-3.3.0.jar;C:\Users\34954\.m2\repository\com\beust\jcommander\1.48\jcommander-1.48.jar;C:\Users\34954\.m2\repository\com\github\jai-imageio\jai-imageio-core\1.3.1\jai-imageio-core-1.3.1.jar;"/>
    <property name="sun.cpu.endian" value="little"/>
    <property name="user.home" value="C:\Users\34954"/>
    <property name="user.language" value="zh"/>
    <property name="java.specification.vendor" value="Oracle Corporation"/>
    <property name="java.home" value="D:\Software\Java\jre"/>
    <property name="basedir" value="E:\Code\HewieBlogSystem"/>
    <property name="file.separator" value="\"/>
    <property name="line.separator" value="&#10;"/>
    <property name="java.vm.specification.vendor" value="Oracle Corporation"/>
    <property name="java.specification.name" value="Java Platform API Specification"/>
    <property name="java.awt.graphicsenv" value="sun.awt.Win32GraphicsEnvironment"/>
    <property name="surefire.real.class.path" value="C:\Users\34954\AppData\Local\Temp\surefire5176799276404261638\surefirebooter1969685996016607616.jar"/>
    <property name="sun.boot.class.path" value="D:\Software\Java\jre\lib\resources.jar;D:\Software\Java\jre\lib\rt.jar;D:\Software\Java\jre\lib\sunrsasign.jar;D:\Software\Java\jre\lib\jsse.jar;D:\Software\Java\jre\lib\jce.jar;D:\Software\Java\jre\lib\charsets.jar;D:\Software\Java\jre\lib\jfr.jar;D:\Software\Java\jre\classes"/>
    <property name="user.script" value=""/>
    <property name="sun.management.compiler" value="HotSpot 64-Bit Tiered Compilers"/>
    <property name="java.runtime.version" value="1.8.0_40-b25"/>
    <property name="user.name" value="34954"/>
    <property name="path.separator" value=";"/>
    <property name="os.version" value="6.3"/>
    <property name="java.endorsed.dirs" value="D:\Software\Java\jre\lib\endorsed"/>
    <property name="java.runtime.name" value="Java(TM) SE Runtime Environment"/>
    <property name="file.encoding" value="GBK"/>
    <property name="java.vm.name" value="Java HotSpot(TM) 64-Bit Server VM"/>
    <property name="localRepository" value="C:\Users\34954\.m2\repository"/>
    <property name="java.vendor.url.bug" value="http://bugreport.sun.com/bugreport/"/>
    <property name="java.io.tmpdir" value="C:\Users\34954\AppData\Local\Temp\"/>
    <property name="idea.version" value="2021.1.3"/>
    <property name="java.version" value="1.8.0_40"/>
    <property name="user.dir" value="E:\Code\HewieBlogSystem"/>
    <property name="os.arch" value="amd64"/>
    <property name="java.vm.specification.name" value="Java Virtual Machine Specification"/>
    <property name="java.awt.printerjob" value="sun.awt.windows.WPrinterJob"/>
    <property name="sun.os.patch.level" value=""/>
    <property name="java.library.path" value="D:\Software\Java\jre\bin;C:\WINDOWS\Sun\Java\bin;C:\WINDOWS\system32;C:\WINDOWS;C:\ProgramData\Oracle\Java\javapath;D:\Software\VM\bin\;C:\WINDOWS\system32;C:\WINDOWS;C:\WINDOWS\System32\Wbem;C:\WINDOWS\System32\WindowsPowerShell\v1.0\;C:\WINDOWS\System32\OpenSSH\;C:\Program Files (x86)\NVIDIA Corporation\PhysX\Common;C:\Program Files\NVIDIA Corporation\NVIDIA NvDLISR;&quot;D:\Software\Java\bin;D:\Software\Java\jre\bin&quot;;D:\Software\nodejs\;C:\Users\34954\AppData\Local\Microsoft\WindowsApps;C:\Program Files\Bandizip\;D:\Software\IntelliJ IDEA 2021.1.3\bin;;D:\Software\Microsoft VS Code\bin;C:\Users\34954\AppData\Roaming\npm;."/>
    <property name="java.vm.info" value="mixed mode"/>
    <property name="java.vendor" value="Oracle Corporation"/>
    <property name="java.vm.version" value="25.40-b25"/>
    <property name="java.ext.dirs" value="D:\Software\Java\jre\lib\ext;C:\WINDOWS\Sun\Java\lib\ext"/>
    <property name="sun.io.unicode.encoding" value="UnicodeLittle"/>
    <property name="java.class.version" value="52.0"/>
  </properties>
</testsuite>